15:15:24.816 [main] INFO  com.intuit.karate.Runner - using system property 'karate.env': test
15:15:25.729 [main] DEBUG com.intuit.karate.Suite - [config] classpath:karate-config.js
15:15:25.755 [main] DEBUG com.intuit.karate.Suite - waiting for 46 features to complete
15:15:26.579 [pool-1-thread-1] INFO  com.intuit.karate - karate.env system property was: test 
15:15:26.579 [pool-1-thread-2] INFO  com.intuit.karate - karate.env system property was: test 
15:15:26.655 [pool-1-thread-3] INFO  com.intuit.karate - karate.env system property was: test 
15:15:26.681 [pool-1-thread-4] INFO  com.intuit.karate - karate.env system property was: test 
15:15:27.114 [pool-1-thread-3] DEBUG com.intuit.karate - request:
1 > GET https://api.test.getfivvy.com/payment-data/token/link/create?platform=androids
1 > Host: api.test.getfivvy.com
1 > Connection: Keep-Alive
1 > User-Agent: Apache-HttpClient/4.5.13 (Java/17.0.2)
1 > Accept-Encoding: gzip,deflate


15:15:27.122 [pool-1-thread-4] DEBUG com.intuit.karate - request:
1 > POST https://api.test.getfivvy.com/payment-data/token/link/create?platform=android
1 > Host: api.test.getfivvy.com
1 > Connection: Keep-Alive
1 > User-Agent: Apache-HttpClient/4.5.13 (Java/17.0.2)
1 > Accept-Encoding: gzip,deflate


15:15:27.123 [pool-1-thread-2] DEBUG com.intuit.karate - request:
1 > GET https://api.test.getfivvy.com/payment-data/token/link/create?platform=android
1 > Host: api.test.getfivvy.com
1 > Connection: Keep-Alive
1 > User-Agent: Apache-HttpClient/4.5.13 (Java/17.0.2)
1 > Accept-Encoding: gzip,deflate


15:15:27.127 [pool-1-thread-1] DEBUG com.intuit.karate - request:
1 > POST https://api.test.getfivvy.com/payment-datas/token/link/create?platform=android
1 > Host: api.test.getfivvy.com
1 > Connection: Keep-Alive
1 > User-Agent: Apache-HttpClient/4.5.13 (Java/17.0.2)
1 > Accept-Encoding: gzip,deflate


15:15:28.742 [pool-1-thread-1] DEBUG com.intuit.karate - response time in milliseconds: 1608
1 < 403
1 < Date: Wed, 06 Apr 2022 18:15:28 GMT
1 < Content-Type: application/json
1 < Content-Length: 23
1 < Connection: keep-alive
1 < x-amzn-RequestId: 00c9c775-d3f5-4932-94ee-05f8866e8371
1 < x-amzn-ErrorType: ForbiddenException
1 < x-amz-apigw-id: QK7OIHPqoAMF7Kw=
{"message":"Forbidden"}
15:15:30.876 [pool-1-thread-2] DEBUG com.intuit.karate - response time in milliseconds: 3750
1 < 405
1 < Date: Wed, 06 Apr 2022 18:15:30 GMT
1 < Content-Type: application/json
1 < Content-Length: 0
1 < Connection: keep-alive
1 < x-amzn-RequestId: b8d48683-0fba-4a39-abbf-a5609c63a7f2
1 < Allow: POST, OPTIONS
1 < x-amzn-Remapped-Content-Length: 0
1 < x-amz-apigw-id: QK7OIHbiIAMF2HQ=

15:15:30.876 [pool-1-thread-3] DEBUG com.intuit.karate - response time in milliseconds: 3762
1 < 405
1 < Date: Wed, 06 Apr 2022 18:15:30 GMT
1 < Content-Type: application/json
1 < Content-Length: 0
1 < Connection: keep-alive
1 < x-amzn-RequestId: 5de90d2a-e0a5-4a02-adbd-fa0beda5db0e
1 < Allow: POST, OPTIONS
1 < x-amzn-Remapped-Content-Length: 0
1 < x-amz-apigw-id: QK7OIHfTIAMFQ0w=

15:15:30.879 [pool-1-thread-3] ERROR com.intuit.karate - classpath:karate/microservices/fivyy/payments.feature:20
Then status 404
status code was: 405, expected: 404, response time in milliseconds: 3762, url: https://api.test.getfivvy.com/payment-data/token/link/create?platform=androids, response: 

classpath:karate/microservices/fivyy/payments.feature:20
15:15:30.881 [pool-1-thread-2] ERROR com.intuit.karate - classpath:karate/microservices/fivyy/payments.feature:14
Then status 404
status code was: 405, expected: 404, response time in milliseconds: 3750, url: https://api.test.getfivvy.com/payment-data/token/link/create?platform=android, response: 

classpath:karate/microservices/fivyy/payments.feature:14
15:15:31.444 [pool-1-thread-4] DEBUG com.intuit.karate - response time in milliseconds: 4318
1 < 403
1 < Date: Wed, 06 Apr 2022 18:15:31 GMT
1 < Content-Type: application/json
1 < Content-Length: 28
1 < Connection: keep-alive
1 < x-amzn-RequestId: 993d6268-31de-4b1d-b2b9-948c5f5018bf
1 < x-amzn-Remapped-Content-Length: 28
1 < x-amz-apigw-id: QK7OIEuLoAMFbgA=
Invalid authorization token.
15:15:31.446 [pool-1-thread-4] ERROR com.intuit.karate - classpath:karate/microservices/fivyy/payments.feature:26
Then status 404
status code was: 403, expected: 404, response time in milliseconds: 4318, url: https://api.test.getfivvy.com/payment-data/token/link/create?platform=android, response: 
Invalid authorization token.
classpath:karate/microservices/fivyy/payments.feature:26
15:15:32.420 [pool-2-thread-1] INFO  com.intuit.karate.Suite - <<fail>> feature 9 of 46 (37 remaining) classpath:karate/microservices/fivyy/payments.feature
